<?xml version="1.0" encoding="UTF-8"?>
<!-- Generated by org.testng.reporters.JUnitReportReporter -->
<testsuite hostname="INBLRWHF19TW6Y2" failures="0" tests="1" name="loginTest" time="4.099" errors="0" timestamp="2020-07-25T22:07:16 IST" skipped="0">
  <testcase classname="loginTest" name="dologin" time="4.099"/>
  <system-out/>
</testsuite> <!-- loginTest -->
